0:0:0:0:0:0:0:1 - - [2017-08-10:09:11:46 +0300] "GET //localhost:7500/api/ HTTP/1.1" 200 815 "-" "Mozilla/5.0 (Windows NT 10.0; Win64; x64) AppleWebKit/537.36 (KHTML, like Gecko) Chrome/59.0.3071.115 Safari/537.36" 18
0:0:0:0:0:0:0:1 - - [2017-08-10:09:11:46 +0300] "GET //localhost:7500/api//?stylesheet=1 HTTP/1.1" 404 0 "http://localhost:7500/api/" "Mozilla/5.0 (Windows NT 10.0; Win64; x64) AppleWebKit/537.36 (KHTML, like Gecko) Chrome/59.0.3071.115 Safari/537.36" 129
0:0:0:0:0:0:0:1 - - [2017-08-10:09:11:54 +0300] "GET //localhost:7500/api HTTP/1.1" 200 814 "-" "Mozilla/5.0 (Windows NT 10.0; Win64; x64) AppleWebKit/537.36 (KHTML, like Gecko) Chrome/59.0.3071.115 Safari/537.36" 2
0:0:0:0:0:0:0:1 - - [2017-08-10:09:11:54 +0300] "GET //localhost:7500/api/?stylesheet=1 HTTP/1.1" 200 367 "http://localhost:7500/api" "Mozilla/5.0 (Windows NT 10.0; Win64; x64) AppleWebKit/537.36 (KHTML, like Gecko) Chrome/59.0.3071.115 Safari/537.36" 7
0:0:0:0:0:0:0:1 - - [2017-08-10:09:12:01 +0300] "GET //localhost:7500/doc HTTP/1.1" 302 0 "-" "Mozilla/5.0 (Windows NT 10.0; Win64; x64) AppleWebKit/537.36 (KHTML, like Gecko) Chrome/59.0.3071.115 Safari/537.36" 10
0:0:0:0:0:0:0:1 - - [2017-08-10:09:12:01 +0300] "GET //localhost:7500/doc/ HTTP/1.1" 200 4496 "-" "Mozilla/5.0 (Windows NT 10.0; Win64; x64) AppleWebKit/537.36 (KHTML, like Gecko) Chrome/59.0.3071.115 Safari/537.36" 15
0:0:0:0:0:0:0:1 - - [2017-08-10:09:12:01 +0300] "GET //localhost:7500/doc/css/typography.css HTTP/1.1" 200 450 "http://localhost:7500/doc/" "Mozilla/5.0 (Windows NT 10.0; Win64; x64) AppleWebKit/537.36 (KHTML, like Gecko) Chrome/59.0.3071.115 Safari/537.36" 7
0:0:0:0:0:0:0:1 - - [2017-08-10:09:12:01 +0300] "GET //localhost:7500/doc/css/reset.css HTTP/1.1" 200 1066 "http://localhost:7500/doc/" "Mozilla/5.0 (Windows NT 10.0; Win64; x64) AppleWebKit/537.36 (KHTML, like Gecko) Chrome/59.0.3071.115 Safari/537.36" 6
0:0:0:0:0:0:0:1 - - [2017-08-10:09:12:01 +0300] "GET //localhost:7500/doc/css/screen.css HTTP/1.1" 200 44551 "http://localhost:7500/doc/" "Mozilla/5.0 (Windows NT 10.0; Win64; x64) AppleWebKit/537.36 (KHTML, like Gecko) Chrome/59.0.3071.115 Safari/537.36" 10
0:0:0:0:0:0:0:1 - - [2017-08-10:09:12:01 +0300] "GET //localhost:7500/doc/lib/jquery.wiggle.min.js HTTP/1.1" 200 762 "http://localhost:7500/doc/" "Mozilla/5.0 (Windows NT 10.0; Win64; x64) AppleWebKit/537.36 (KHTML, like Gecko) Chrome/59.0.3071.115 Safari/537.36" 7
0:0:0:0:0:0:0:1 - - [2017-08-10:09:12:01 +0300] "GET //localhost:7500/doc/lib/jquery-1.8.0.min.js HTTP/1.1" 200 92555 "http://localhost:7500/doc/" "Mozilla/5.0 (Windows NT 10.0; Win64; x64) AppleWebKit/537.36 (KHTML, like Gecko) Chrome/59.0.3071.115 Safari/537.36" 24
0:0:0:0:0:0:0:1 - - [2017-08-10:09:12:01 +0300] "GET //localhost:7500/doc/lib/jquery.ba-bbq.min.js HTTP/1.1" 200 4119 "http://localhost:7500/doc/" "Mozilla/5.0 (Windows NT 10.0; Win64; x64) AppleWebKit/537.36 (KHTML, like Gecko) Chrome/59.0.3071.115 Safari/537.36" 14
0:0:0:0:0:0:0:1 - - [2017-08-10:09:12:01 +0300] "GET //localhost:7500/doc/lib/underscore-min.js HTTP/1.1" 200 15626 "http://localhost:7500/doc/" "Mozilla/5.0 (Windows NT 10.0; Win64; x64) AppleWebKit/537.36 (KHTML, like Gecko) Chrome/59.0.3071.115 Safari/537.36" 8
0:0:0:0:0:0:0:1 - - [2017-08-10:09:12:01 +0300] "GET //localhost:7500/doc/lib/jquery.slideto.min.js HTTP/1.1" 200 369 "http://localhost:7500/doc/" "Mozilla/5.0 (Windows NT 10.0; Win64; x64) AppleWebKit/537.36 (KHTML, like Gecko) Chrome/59.0.3071.115 Safari/537.36" 68
0:0:0:0:0:0:0:1 - - [2017-08-10:09:12:01 +0300] "GET //localhost:7500/doc/lib/marked.js HTTP/1.1" 200 28156 "http://localhost:7500/doc/" "Mozilla/5.0 (Windows NT 10.0; Win64; x64) AppleWebKit/537.36 (KHTML, like Gecko) Chrome/59.0.3071.115 Safari/537.36" 4
0:0:0:0:0:0:0:1 - - [2017-08-10:09:12:01 +0300] "GET //localhost:7500/doc/lib/backbone-min.js HTTP/1.1" 200 20390 "http://localhost:7500/doc/" "Mozilla/5.0 (Windows NT 10.0; Win64; x64) AppleWebKit/537.36 (KHTML, like Gecko) Chrome/59.0.3071.115 Safari/537.36" 89
0:0:0:0:0:0:0:1 - - [2017-08-10:09:12:02 +0300] "GET //localhost:7500/doc/lib/swagger-oauth.js HTTP/1.1" 200 11183 "http://localhost:7500/doc/" "Mozilla/5.0 (Windows NT 10.0; Win64; x64) AppleWebKit/537.36 (KHTML, like Gecko) Chrome/59.0.3071.115 Safari/537.36" 19
0:0:0:0:0:0:0:1 - - [2017-08-10:09:12:01 +0300] "GET //localhost:7500/doc/lib/handlebars-2.0.0.js HTTP/1.1" 200 48517 "http://localhost:7500/doc/" "Mozilla/5.0 (Windows NT 10.0; Win64; x64) AppleWebKit/537.36 (KHTML, like Gecko) Chrome/59.0.3071.115 Safari/537.36" 135
0:0:0:0:0:0:0:1 - - [2017-08-10:09:12:01 +0300] "GET //localhost:7500/doc/lib/highlight.7.3.pack.js HTTP/1.1" 200 7499 "http://localhost:7500/doc/" "Mozilla/5.0 (Windows NT 10.0; Win64; x64) AppleWebKit/537.36 (KHTML, like Gecko) Chrome/59.0.3071.115 Safari/537.36" 124
0:0:0:0:0:0:0:1 - - [2017-08-10:09:12:01 +0300] "GET //localhost:7500/doc/lib/jsoneditor.min.js HTTP/1.1" 200 130042 "http://localhost:7500/doc/" "Mozilla/5.0 (Windows NT 10.0; Win64; x64) AppleWebKit/537.36 (KHTML, like Gecko) Chrome/59.0.3071.115 Safari/537.36" 148
0:0:0:0:0:0:0:1 - - [2017-08-10:09:12:02 +0300] "GET //localhost:7500/doc/images/nflow-logo-no-borders.png HTTP/1.1" 200 8123 "http://localhost:7500/doc/" "Mozilla/5.0 (Windows NT 10.0; Win64; x64) AppleWebKit/537.36 (KHTML, like Gecko) Chrome/59.0.3071.115 Safari/537.36" 7
0:0:0:0:0:0:0:1 - - [2017-08-10:09:12:02 +0300] "GET //localhost:7500/doc/css/print.css HTTP/1.1" 200 42365 "http://localhost:7500/doc/" "Mozilla/5.0 (Windows NT 10.0; Win64; x64) AppleWebKit/537.36 (KHTML, like Gecko) Chrome/59.0.3071.115 Safari/537.36" 12
0:0:0:0:0:0:0:1 - - [2017-08-10:09:12:01 +0300] "GET //localhost:7500/doc/swagger-ui.js HTTP/1.1" 200 2230555 "http://localhost:7500/doc/" "Mozilla/5.0 (Windows NT 10.0; Win64; x64) AppleWebKit/537.36 (KHTML, like Gecko) Chrome/59.0.3071.115 Safari/537.36" 290
0:0:0:0:0:0:0:1 - - [2017-08-10:09:12:02 +0300] "GET //localhost:7500/doc/fonts/DroidSans-Bold.ttf HTTP/1.1" 200 42480 "http://localhost:7500/doc/css/typography.css" "Mozilla/5.0 (Windows NT 10.0; Win64; x64) AppleWebKit/537.36 (KHTML, like Gecko) Chrome/59.0.3071.115 Safari/537.36" 7
0:0:0:0:0:0:0:1 - - [2017-08-10:09:12:02 +0300] "GET //localhost:7500/doc/fonts/DroidSans.ttf HTTP/1.1" 200 41028 "http://localhost:7500/doc/css/typography.css" "Mozilla/5.0 (Windows NT 10.0; Win64; x64) AppleWebKit/537.36 (KHTML, like Gecko) Chrome/59.0.3071.115 Safari/537.36" 6
0:0:0:0:0:0:0:1 - - [2017-08-10:09:12:02 +0300] "GET //localhost:7500/api/swagger.json HTTP/1.1" 200 21241 "http://localhost:7500/doc/" "Mozilla/5.0 (Windows NT 10.0; Win64; x64) AppleWebKit/537.36 (KHTML, like Gecko) Chrome/59.0.3071.115 Safari/537.36" 626
0:0:0:0:0:0:0:1 - - [2017-08-10:09:17:43 +0300] "GET //localhost:7500/doc/images/throbber.gif HTTP/1.1" 200 9257 "http://localhost:7500/doc/css/screen.css" "Mozilla/5.0 (Windows NT 10.0; Win64; x64) AppleWebKit/537.36 (KHTML, like Gecko) Chrome/59.0.3071.115 Safari/537.36" 9
